<?xml version="1.0" encoding="UTF-8"?>
<testsuite xmlns:xsi="http://www.w3.org/2001/XMLSchema-instance" xsi:noNamespaceSchemaLocation="https://maven.apache.org/surefire/maven-surefire-plugin/xsd/surefire-test-report.xsd" name="com.valo.mybatis.AppTest" time="1.076" tests="1" errors="1" skipped="0" failures="0">
  <properties>
[...]
</properties>
  <testcase name="test01" classname="com.valo.mybatis.AppTest" time="1.047">
    <error message="&#10;### Error querying database.  Cause: com.mysql.jdbc.exceptions.jdbc4.CommunicationsException: Communications link failure&#10;&#10;The last packet successfully received from the server was 663 milliseconds ago.  The last packet sent successfully to the server was 660 milliseconds ago.&#10;### The error may exist in UserMapper.xml&#10;### The error may involve com.valo.mybatis.mapper.UserMapper.getUser&#10;### The error occurred while executing a query&#10;### Cause: com.mysql.jdbc.exceptions.jdbc4.CommunicationsException: Communications link failure&#10;&#10;The last packet successfully received from the server was 663 milliseconds ago.  The last packet sent successfully to the server was 660 milliseconds ago." type="org.apache.ibatis.exceptions.PersistenceException">org.apache.ibatis.exceptions.PersistenceException: 

### Error querying database.  Cause: com.mysql.jdbc.exceptions.jdbc4.CommunicationsException: Communications link failure

The last packet successfully received from the server was 663 milliseconds ago.  The last packet sent successfully to the server was 660 milliseconds ago.
### The error may exist in UserMapper.xml
### The error may involve com.valo.mybatis.mapper.UserMapper.getUser
### The error occurred while executing a query
### Cause: com.mysql.jdbc.exceptions.jdbc4.CommunicationsException: Communications link failure

The last packet successfully received from the server was 663 milliseconds ago.  The last packet sent successfully to the server was 660 milliseconds ago.
	at com.valo.mybatis.AppTest.test01(AppTest.java:20)
Caused by: com.mysql.jdbc.exceptions.jdbc4.CommunicationsException: 
Communications link failure

The last packet successfully received from the server was 663 milliseconds ago.  The last packet sent successfully to the server was 660 milliseconds ago.
	at com.valo.mybatis.AppTest.test01(AppTest.java:20)
Caused by: javax.net.ssl.SSLHandshakeException: sun.security.validator.ValidatorException: PKIX path building failed: sun.security.provider.certpath.SunCertPathBuilderException: unable to find valid certification path to requested target
	at com.valo.mybatis.AppTest.test01(AppTest.java:20)
Caused by: sun.security.validator.ValidatorException: PKIX path building failed: sun.security.provider.certpath.SunCertPathBuilderException: unable to find valid certification path to requested target
	at com.valo.mybatis.AppTest.test01(AppTest.java:20)
Caused by: sun.security.provider.certpath.SunCertPathBuilderException: unable to find valid certification path to requested target
	at com.valo.mybatis.AppTest.test01(AppTest.java:20)
</error>
  </testcase>
</testsuite>